<?xml version="1.0" encoding="UTF-8"?>
<testng-results ignored="0" total="2" passed="2" failed="0" skipped="0">
  <reporter-output>
  </reporter-output>
  <suite started-at="2025-08-19T08:51:40 IST" name="Functional Testing" finished-at="2025-08-19T08:52:21 IST" duration-ms="41537">
    <groups>
      <group name="Automation">
        <method signature="Labsession_testng.loginAutomation()[pri:0, instance:org.example.Day_18_08_25.Labsession_testng@2d127a61]" name="loginAutomation" class="org.example.Day_18_08_25.Labsession_testng"/>
        <method signature="Labsession_testng.cartAutomation()[pri:1, instance:org.example.Day_18_08_25.Labsession_testng@2d127a61]" name="cartAutomation" class="org.example.Day_18_08_25.Labsession_testng"/>
      </group> <!-- Automation -->
      <group name="Login Automation">
        <method signature="Labsession_testng.loginAutomation()[pri:0, instance:org.example.Day_18_08_25.Labsession_testng@2d127a61]" name="loginAutomation" class="org.example.Day_18_08_25.Labsession_testng"/>
      </group> <!-- Login Automation -->
      <group name="Cart Automation">
        <method signature="Labsession_testng.cartAutomation()[pri:1, instance:org.example.Day_18_08_25.Labsession_testng@2d127a61]" name="cartAutomation" class="org.example.Day_18_08_25.Labsession_testng"/>
      </group> <!-- Cart Automation -->
    </groups>
    <test started-at="2025-08-19T08:51:40 IST" name="Functional Test" finished-at="2025-08-19T08:52:21 IST" duration-ms="41537">
      <class name="org.example.Day_18_08_25.Labsession_testng">
        <test-method signature="loginAutomation()[pri:0, instance:org.example.Day_18_08_25.Labsession_testng@2d127a61]" started-at="2025-08-19T08:51:40 IST" name="loginAutomation" finished-at="2025-08-19T08:51:58 IST" duration-ms="18296" status="PASS">
          <reporter-output>
          </reporter-output>
        </test-method> <!-- loginAutomation -->
        <test-method signature="cartAutomation()[pri:1, instance:org.example.Day_18_08_25.Labsession_testng@2d127a61]" started-at="2025-08-19T08:51:58 IST" name="cartAutomation" finished-at="2025-08-19T08:52:21 IST" duration-ms="23072" status="PASS">
          <reporter-output>
          </reporter-output>
        </test-method> <!-- cartAutomation -->
      </class> <!-- org.example.Day_18_08_25.Labsession_testng -->
    </test> <!-- Functional Test -->
  </suite> <!-- Functional Testing -->
</testng-results>
