<?xml version="1.0" encoding="UTF-8"?>
<testng-results ignored="0" total="3" passed="3" failed="0" skipped="0">
  <reporter-output>
  </reporter-output>
  <suite started-at="2025-08-16T17:20:56 IST" name="Functional Testing" finished-at="2025-08-16T17:20:56 IST" duration-ms="178">
    <groups>
      <group name="Sanity">
        <method signature="LabsessionGroups2.createUser()[pri:0, instance:org.example.Day_16_08_25.LabsessionGroups2@62fdb4a6]" name="createUser" class="org.example.Day_16_08_25.LabsessionGroups2"/>
        <method signature="LabsessionGroups2.deleteUser()[pri:0, instance:org.example.Day_16_08_25.LabsessionGroups2@62fdb4a6]" name="deleteUser" class="org.example.Day_16_08_25.LabsessionGroups2"/>
      </group> <!-- Sanity -->
      <group name="Regression">
        <method signature="LabsessionGroups2.deleteUser()[pri:0, instance:org.example.Day_16_08_25.LabsessionGroups2@62fdb4a6]" name="deleteUser" class="org.example.Day_16_08_25.LabsessionGroups2"/>
      </group> <!-- Regression -->
      <group name="Smoke">
        <method signature="LabsessionGroups2.viewUser()[pri:0, instance:org.example.Day_16_08_25.LabsessionGroups2@62fdb4a6]" name="viewUser" class="org.example.Day_16_08_25.LabsessionGroups2"/>
      </group> <!-- Smoke -->
    </groups>
    <test started-at="2025-08-16T17:20:56 IST" name="Functional Test" finished-at="2025-08-16T17:20:56 IST" duration-ms="178">
      <class name="org.example.Day_16_08_25.LabsessionGroups2">
        <test-method signature="createUser()[pri:0, instance:org.example.Day_16_08_25.LabsessionGroups2@62fdb4a6]" started-at="2025-08-16T17:20:56 IST" name="createUser" finished-at="2025-08-16T17:20:56 IST" duration-ms="12" status="PASS">
          <reporter-output>
          </reporter-output>
        </test-method> <!-- createUser -->
        <test-method signature="deleteUser()[pri:0, instance:org.example.Day_16_08_25.LabsessionGroups2@62fdb4a6]" started-at="2025-08-16T17:20:56 IST" name="deleteUser" finished-at="2025-08-16T17:20:56 IST" duration-ms="1" status="PASS">
          <reporter-output>
          </reporter-output>
        </test-method> <!-- deleteUser -->
        <test-method signature="viewUser()[pri:0, instance:org.example.Day_16_08_25.LabsessionGroups2@62fdb4a6]" started-at="2025-08-16T17:20:56 IST" name="viewUser" finished-at="2025-08-16T17:20:56 IST" duration-ms="1" status="PASS">
          <reporter-output>
          </reporter-output>
        </test-method> <!-- viewUser -->
      </class> <!-- org.example.Day_16_08_25.LabsessionGroups2 -->
    </test> <!-- Functional Test -->
  </suite> <!-- Functional Testing -->
</testng-results>
