<?xml version="1.0" encoding="UTF-8"?>
<!-- Generated by org.testng.reporters.JUnitXMLReporter -->
<testsuite ignored="2" hostname="Mayank" failures="0" tests="2" name="Functional Test" time="41.537" errors="0" timestamp="2025-08-19T08:52:21 IST">
  <testcase classname="org.example.Day_18_08_25.Labsession_testng" name="loginAutomation" time="18.296"/>
  <testcase classname="org.example.Day_18_08_25.Labsession_testng" name="cartAutomation" time="23.072"/>
  <testcase classname="org.example.Day_18_08_25.Labsession_testng" name="formFilling" time="0.0">
    <ignored/>
  </testcase> <!-- formFilling -->
  <testcase classname="org.example.Day_18_08_25.Labsession_testng" name="bookingHotel" time="0.0">
    <ignored/>
  </testcase> <!-- bookingHotel -->
</testsuite> <!-- Functional Test -->
