<?xml version="1.0" encoding="UTF-8"?>
<!-- Generated by org.testng.reporters.JUnitXMLReporter -->
<testsuite ignored="2" hostname="Mayank" failures="0" tests="3" name="Functional Test" time="0.178" errors="0" timestamp="2025-08-16T17:20:56 IST">
  <testcase classname="org.example.Day_16_08_25.LabsessionGroups2" name="createUser" time="0.012"/>
  <testcase classname="org.example.Day_16_08_25.LabsessionGroups2" name="deleteUser" time="0.001"/>
  <testcase classname="org.example.Day_16_08_25.LabsessionGroups2" name="viewUser" time="0.001"/>
  <testcase classname="org.example.Day_16_08_25.LabsessionGroups2" name="updateUser" time="0.0">
    <ignored/>
  </testcase> <!-- updateUser -->
  <testcase classname="org.example.Day_16_08_25.parameterisedTestNG" name="testparameters" time="0.0">
    <ignored/>
  </testcase> <!-- testparameters -->
</testsuite> <!-- Functional Test -->
